This file contains any messages produced by compilers while
running configure, to aid debugging if configure makes a mistake.

It was created by xfce4-sample-plugin configure 0.0.3git-018aa40, which was
generated by GNU Autoconf 2.69.  Invocation command line was

  $ ./configure --enable-maintainer-mode

## --------- ##
## Platform. ##
## --------- ##

hostname = AAAA
uname -m = x86_64
uname -r = 5.15.0-56-generic
uname -s = Linux
uname -v = #62~20.04.1-Ubuntu SMP Tue Nov 22 21:24:20 UTC 2022

/usr/bin/uname -p = x86_64
/bin/uname -X     = unknown

/bin/arch              = x86_64
/usr/bin/arch -k       = unknown
/usr/convex/getsysinfo = unknown
/usr/bin/hostinfo      = unknown
/bin/machine           = unknown
/usr/bin/oslevel       = unknown
/bin/universe          = unknown

PATH: /home/vboxuser/.local/bin
PATH: /home/vboxuser/.local/bin
PATH: /usr/local/sbin
PATH: /usr/local/bin
PATH: /usr/sbin
PATH: /usr/bin
PATH: /sbin
PATH: /bin
PATH: /usr/games
PATH: /usr/local/games
PATH: /snap/bin


## ----------- ##
## Core tests. ##
## ----------- ##

configure:2383: checking for a BSD-compatible install
configure:2451: result: /usr/bin/install -c
configure:2462: checking whether build environment is sane
configure:2517: result: yes
configure:2666: checking for a thread-safe mkdir -p
configure:2705: result: /usr/bin/mkdir -p
configure:2712: checking for gawk
configure:2742: result: no
configure:2712: checking for mawk
configure:2728: found /usr/bin/mawk
configure:2739: result: mawk
configure:2750: checking whether make sets $(MAKE)
configure:2772: result: yes
configure:2801: checking whether make supports nested variables
configure:2818: result: yes
configure:2907: checking whether UID '1000' is supported by ustar format
configure:2910: result: yes
configure:2917: checking whether GID '1000' is supported by ustar format
configure:2920: result: yes
configure:2928: checking how to create a ustar tar archive
configure:2939: tar --version
tar (GNU tar) 1.30
Copyright (C) 2017 Free Software Foundation, Inc.
License GPLv3+: GNU GPL version 3 or later <https://gnu.org/licenses/gpl.html>.
This is free software: you are free to change and redistribute it.
There is NO WARRANTY, to the extent permitted by law.

Written by John Gilmore and Jay Fenlason.
configure:2942: $? = 0
configure:2982: tardir=conftest.dir && eval tar --format=ustar -chf - "$tardir" >conftest.tar
configure:2985: $? = 0
configure:2989: tar -xf - <conftest.tar
configure:2992: $? = 0
configure:2994: cat conftest.dir/file
GrepMe
configure:2997: $? = 0
configure:3010: result: gnutar
configure:3063: checking whether to enable maintainer-specific portions of Makefiles
configure:3072: result: yes
configure:3096: checking whether make supports nested variables
configure:3113: result: yes
configure:3155: checking build system type
configure:3169: result: x86_64-pc-linux-gnu
configure:3189: checking host system type
configure:3202: result: x86_64-pc-linux-gnu
configure:3243: checking how to print strings
configure:3270: result: printf
configure:3295: checking whether make supports the include directive
configure:3310: make -f confmf.GNU && cat confinc.out
this is the am__doit target
configure:3313: $? = 0
configure:3332: result: yes (GNU style)
configure:3402: checking for gcc
configure:3418: found /usr/bin/gcc
configure:3429: result: gcc
configure:3658: checking for C compiler version
configure:3667: gcc --version >&5
gcc (Ubuntu 9.4.0-1ubuntu1~20.04.1) 9.4.0
Copyright (C) 2019 Free Software Foundation, Inc.
This is free software; see the source for copying conditions.  There is NO
warranty; not even for MERCHANTABILITY or FITNESS FOR A PARTICULAR PURPOSE.

configure:3678: $? = 0
configure:3667: gcc -v >&5
Using built-in specs.
COLLECT_GCC=gcc
COLLECT_LTO_WRAPPER=/usr/lib/gcc/x86_64-linux-gnu/9/lto-wrapper
OFFLOAD_TARGET_NAMES=nvptx-none:hsa
OFFLOAD_TARGET_DEFAULT=1
Target: x86_64-linux-gnu
Configured with: ../src/configure -v --with-pkgversion='Ubuntu 9.4.0-1ubuntu1~20.04.1' --with-bugurl=file:///usr/share/doc/gcc-9/README.Bugs --enable-languages=c,ada,c++,go,brig,d,fortran,objc,obj-c++,gm2 --prefix=/usr --with-gcc-major-version-only --program-suffix=-9 --program-prefix=x86_64-linux-gnu- --enable-shared --enable-linker-build-id --libexecdir=/usr/lib --without-included-gettext --enable-threads=posix --libdir=/usr/lib --enable-nls --enable-clocale=gnu --enable-libstdcxx-debug --enable-libstdcxx-time=yes --with-default-libstdcxx-abi=new --enable-gnu-unique-object --disable-vtable-verify --enable-plugin --enable-default-pie --with-system-zlib --with-target-system-zlib=auto --enable-objc-gc=auto --enable-multiarch --disable-werror --with-arch-32=i686 --with-abi=m64 --with-multilib-list=m32,m64,mx32 --enable-multilib --with-tune=generic --enable-offload-targets=nvptx-none=/build/gcc-9-Av3uEd/gcc-9-9.4.0/debian/tmp-nvptx/usr,hsa --without-cuda-driver --enable-checking=release --build=x86_64-linux-gnu --host=x86_64-linux-gnu --target=x86_64-linux-gnu
Thread model: posix
gcc version 9.4.0 (Ubuntu 9.4.0-1ubuntu1~20.04.1) 
configure:3678: $? = 0
configure:3667: gcc -V >&5
gcc: error: unrecognized command line option '-V'
gcc: fatal error: no input files
compilation terminated.
configure:3678: $? = 1
configure:3667: gcc -qversion >&5
gcc: error: unrecognized command line option '-qversion'; did you mean '--version'?
gcc: fatal error: no input files
compilation terminated.
configure:3678: $? = 1
configure:3698: checking whether the C compiler works
configure:3720: gcc    conftest.c  >&5
configure:3724: $? = 0
configure:3772: result: yes
configure:3775: checking for C compiler default output file name
configure:3777: result: a.out
configure:3783: checking for suffix of executables
configure:3790: gcc -o conftest    conftest.c  >&5
configure:3794: $? = 0
configure:3816: result: 
configure:3838: checking whether we are cross compiling
configure:3846: gcc -o conftest    conftest.c  >&5
configure:3850: $? = 0
configure:3857: ./conftest
configure:3861: $? = 0
configure:3849: result: no
configure:3854: checking for suffix of object files
configure:3876: gcc -c   conftest.c >&5
configure:3880: $? = 0
configure:3901: result: o
configure:3905: checking whether we are using the GNU C compiler
configure:3924: gcc -c   conftest.c >&5
configure:3924: $? = 0
configure:3933: result: yes
configure:3942: checking whether gcc accepts -g
configure:3962: gcc -c -g  conftest.c >&5
configure:3962: $? = 0
configure:4003: result: yes
configure:4020: checking for gcc option to accept ISO C89
configure:4083: gcc  -c -g -O2  conftest.c >&5
configure:4083: $? = 0
configure:4096: result: none needed
configure:4121: checking whether gcc understands -c and -o together
configure:4143: gcc -c conftest.c -o conftest2.o
configure:4146: $? = 0
configure:4143: gcc -c conftest.c -o conftest2.o
configure:4146: $? = 0
configure:4158: result: yes
configure:4177: checking dependency style of gcc
configure:4288: result: gcc3
configure:4303: checking for a sed that does not truncate output
configure:4367: result: /usr/bin/sed
configure:4385: checking for grep that handles long lines and -e
configure:4443: result: /usr/bin/grep
configure:4448: checking for egrep
configure:4510: result: /usr/bin/grep -E
configure:4515: checking for fgrep
configure:4577: result: /usr/bin/grep -F
configure:4612: checking for ld used by gcc
configure:4679: result: /usr/bin/ld
configure:4686: checking if the linker (/usr/bin/ld) is GNU ld
configure:4701: result: yes
configure:4713: checking for BSD- or MS-compatible name lister (nm)
configure:4767: result: /usr/bin/nm -B
configure:4897: checking the name lister (/usr/bin/nm -B) interface
configure:4904: gcc -c -g -O2  conftest.c >&5
configure:4907: /usr/bin/nm -B "conftest.o"
configure:4910: output
0000000000000000 B some_variable
configure:4911: result: BSD nm
configure:4914: checking whether ln -s works
configure:4918: result: yes
configure:4926: checking the maximum length of command line arguments
configure:5057: result: 1572864
configure:5105: checking how to convert x86_64-pc-linux-gnu file names to x86_64-pc-linux-gnu format
configure:5145: result: func_convert_file_noop
configure:5152: checking how to convert x86_64-pc-linux-gnu file names to toolchain format
configure:5172: result: func_convert_file_noop
configure:5179: checking for /usr/bin/ld option to reload object files
configure:5186: result: -r
configure:5260: checking for objdump
configure:5276: found /usr/bin/objdump
configure:5287: result: objdump
configure:5319: checking how to recognize dependent libraries
configure:5519: result: pass_all
configure:5604: checking for dlltool
configure:5634: result: no
configure:5664: checking how to associate runtime and link libraries
configure:5691: result: printf %s\n
configure:5752: checking for ar
configure:5768: found /usr/bin/ar
configure:5779: result: ar
configure:5816: checking for archiver @FILE support
configure:5833: gcc -c -g -O2  conftest.c >&5
configure:5833: $? = 0
configure:5836: ar cr libconftest.a @conftest.lst >&5
configure:5839: $? = 0
configure:5844: ar cr libconftest.a @conftest.lst >&5
ar: conftest.o: No such file or directory
configure:5847: $? = 1
configure:5846: result: @
configure:5904: checking for strip
configure:5920: found /usr/bin/strip
configure:5931: result: strip
configure:6003: checking for ranlib
configure:6019: found /usr/bin/ranlib
configure:6030: result: ranlib
configure:6132: checking command to parse /usr/bin/nm -B output from gcc object
configure:6285: gcc -c -g -O2  conftest.c >&5
configure:6288: $? = 0
configure:6292: /usr/bin/nm -B conftest.o | sed -n -e 's/^.*[	 ]\([ABCDGIRSTW][ABCDGIRSTW]*\)[	 ][	 ]*\([_A-Za-z][_A-Za-z0-9]*\)$/\1 \2 \2/p' | sed '/ __gnu_lto/d' > conftest.nm
configure:6358: gcc -o conftest -g -O2   conftest.c conftstm.o >&5
configure:6361: $? = 0
configure:6399: result: ok
configure:6446: checking for sysroot
configure:6476: result: no
configure:6483: checking for a working dd
configure:6521: result: /usr/bin/dd
configure:6525: checking how to truncate binary pipes
configure:6540: result: /usr/bin/dd bs=4096 count=1
configure:6676: gcc -c -g -O2  conftest.c >&5
configure:6679: $? = 0
configure:6869: checking for mt
configure:6885: found /usr/bin/mt
configure:6896: result: mt
configure:6919: checking if mt is a manifest tool
configure:6925: mt '-?'
configure:6933: result: no
configure:7610: checking how to run the C preprocessor
configure:7641: gcc -E  conftest.c
configure:7641: $? = 0
configure:7655: gcc -E  conftest.c
conftest.c:11:10: fatal error: ac_nonexistent.h: No such file or directory
   11 | #include <ac_nonexistent.h>
      |          ^~~~~~~~~~~~~~~~~~
compilation terminated.
configure:7655: $? = 1
configure: failed program was:
| /* confdefs.h */
| #define PACKAGE_NAME "xfce4-sample-plugin"
| #define PACKAGE_TARNAME "xfce4-sample-plugin"
| #define PACKAGE_VERSION "0.0.3git-018aa40"
| #define PACKAGE_STRING "xfce4-sample-plugin 0.0.3git-018aa40"
| #define PACKAGE_BUGREPORT "https://gitlab.xfce.org/panel-plugins/xfce4-sample-plugin"
| #define PACKAGE_URL ""
| #define PACKAGE "xfce4-sample-plugin"
| #define VERSION "0.0.3git-018aa40"
| /* end confdefs.h.  */
| #include <ac_nonexistent.h>
configure:7680: result: gcc -E
configure:7700: gcc -E  conftest.c
configure:7700: $? = 0
configure:7714: gcc -E  conftest.c
conftest.c:11:10: fatal error: ac_nonexistent.h: No such file or directory
   11 | #include <ac_nonexistent.h>
      |          ^~~~~~~~~~~~~~~~~~
compilation terminated.
configure:7714: $? = 1
configure: failed program was:
| /* confdefs.h */
| #define PACKAGE_NAME "xfce4-sample-plugin"
| #define PACKAGE_TARNAME "xfce4-sample-plugin"
| #define PACKAGE_VERSION "0.0.3git-018aa40"
| #define PACKAGE_STRING "xfce4-sample-plugin 0.0.3git-018aa40"
| #define PACKAGE_BUGREPORT "https://gitlab.xfce.org/panel-plugins/xfce4-sample-plugin"
| #define PACKAGE_URL ""
| #define PACKAGE "xfce4-sample-plugin"
| #define VERSION "0.0.3git-018aa40"
| /* end confdefs.h.  */
| #include <ac_nonexistent.h>
configure:7743: checking for ANSI C header files
configure:7763: gcc -c -g -O2  conftest.c >&5
configure:7763: $? = 0
configure:7836: gcc -o conftest -g -O2   conftest.c  >&5
configure:7836: $? = 0
configure:7836: ./conftest
configure:7836: $? = 0
configure:7847: result: yes
configure:7860: checking for sys/types.h
configure:7860: gcc -c -g -O2  conftest.c >&5
configure:7860: $? = 0
configure:7860: result: yes
configure:7860: checking for sys/stat.h
configure:7860: gcc -c -g -O2  conftest.c >&5
configure:7860: $? = 0
configure:7860: result: yes
configure:7860: checking for stdlib.h
configure:7860: gcc -c -g -O2  conftest.c >&5
configure:7860: $? = 0
configure:7860: result: yes
configure:7860: checking for string.h
configure:7860: gcc -c -g -O2  conftest.c >&5
configure:7860: $? = 0
configure:7860: result: yes
configure:7860: checking for memory.h
configure:7860: gcc -c -g -O2  conftest.c >&5
configure:7860: $? = 0
configure:7860: result: yes
configure:7860: checking for strings.h
configure:7860: gcc -c -g -O2  conftest.c >&5
configure:7860: $? = 0
configure:7860: result: yes
configure:7860: checking for inttypes.h
configure:7860: gcc -c -g -O2  conftest.c >&5
configure:7860: $? = 0
configure:7860: result: yes
configure:7860: checking for stdint.h
configure:7860: gcc -c -g -O2  conftest.c >&5
configure:7860: $? = 0
configure:7860: result: yes
configure:7860: checking for unistd.h
configure:7860: gcc -c -g -O2  conftest.c >&5
configure:7860: $? = 0
configure:7860: result: yes
configure:7874: checking for dlfcn.h
configure:7874: gcc -c -g -O2  conftest.c >&5
configure:7874: $? = 0
configure:7874: result: yes
configure:8129: checking for objdir
configure:8144: result: .libs
configure:8404: checking if gcc supports -fno-rtti -fno-exceptions
configure:8422: gcc -c -g -O2  -fno-rtti -fno-exceptions conftest.c >&5
cc1: warning: command line option '-fno-rtti' is valid for C++/D/ObjC++ but not for C
configure:8426: $? = 0
configure:8439: result: no
configure:8803: checking for gcc option to produce PIC
configure:8810: result: -fPIC -DPIC
configure:8818: checking if gcc PIC flag -fPIC -DPIC works
configure:8836: gcc -c -g -O2  -fPIC -DPIC -DPIC conftest.c >&5
configure:8840: $? = 0
configure:8853: result: yes
configure:8882: checking if gcc static flag -static works
configure:8910: result: yes
configure:8925: checking if gcc supports -c -o file.o
configure:8946: gcc -c -g -O2  -o out/conftest2.o conftest.c >&5
configure:8950: $? = 0
configure:8972: result: yes
configure:8980: checking if gcc supports -c -o file.o
configure:9027: result: yes
configure:9060: checking whether the gcc linker (/usr/bin/ld -m elf_x86_64) supports shared libraries
configure:10323: result: yes
configure:10360: checking whether -lc should be explicitly linked in
configure:10368: gcc -c -g -O2  conftest.c >&5
configure:10371: $? = 0
configure:10386: gcc -shared  -fPIC -DPIC conftest.o  -v -Wl,-soname -Wl,conftest -o conftest 2\>\&1 \| /usr/bin/grep  -lc  \>/dev/null 2\>\&1
configure:10389: $? = 0
configure:10403: result: no
configure:10563: checking dynamic linker characteristics
configure:11144: gcc -o conftest -g -O2   -Wl,-rpath -Wl,/foo conftest.c  >&5
configure:11144: $? = 0
configure:11393: result: GNU/Linux ld.so
configure:11515: checking how to hardcode library paths into programs
configure:11540: result: immediate
configure:12088: checking whether stripping libraries is possible
configure:12093: result: yes
configure:12128: checking if libtool supports shared libraries
configure:12130: result: yes
configure:12133: checking whether to build shared libraries
configure:12158: result: yes
configure:12161: checking whether to build static libraries
configure:12165: result: no
configure:9027: checking for gcc
configure:9054: result: gcc
configure:9283: checking for C compiler version
configure:9292: gcc --version >&5
gcc (Ubuntu 9.4.0-1ubuntu1~20.04.1) 9.4.0
Copyright (C) 2019 Free Software Foundation, Inc.
This is free software; see the source for copying conditions.  There is NO
warranty; not even for MERCHANTABILITY or FITNESS FOR A PARTICULAR PURPOSE.

configure:9303: $? = 0
configure:9292: gcc -v >&5
Using built-in specs.
COLLECT_GCC=gcc
COLLECT_LTO_WRAPPER=/usr/lib/gcc/x86_64-linux-gnu/9/lto-wrapper
OFFLOAD_TARGET_NAMES=nvptx-none:hsa
OFFLOAD_TARGET_DEFAULT=1
Target: x86_64-linux-gnu
Configured with: ../src/configure -v --with-pkgversion='Ubuntu 9.4.0-1ubuntu1~20.04.1' --with-bugurl=file:///usr/share/doc/gcc-9/README.Bugs --enable-languages=c,ada,c++,go,brig,d,fortran,objc,obj-c++,gm2 --prefix=/usr --with-gcc-major-version-only --program-suffix=-9 --program-prefix=x86_64-linux-gnu- --enable-shared --enable-linker-build-id --libexecdir=/usr/lib --without-included-gettext --enable-threads=posix --libdir=/usr/lib --enable-nls --enable-clocale=gnu --enable-libstdcxx-debug --enable-libstdcxx-time=yes --with-default-libstdcxx-abi=new --enable-gnu-unique-object --disable-vtable-verify --enable-plugin --enable-default-pie --with-system-zlib --with-target-system-zlib=auto --enable-objc-gc=auto --enable-multiarch --disable-werror --with-arch-32=i686 --with-abi=m64 --with-multilib-list=m32,m64,mx32 --enable-multilib --with-tune=generic --enable-offload-targets=nvptx-none=/build/gcc-9-Av3uEd/gcc-9-9.4.0/debian/tmp-nvptx/usr,hsa --without-cuda-driver --enable-checking=release --build=x86_64-linux-gnu --host=x86_64-linux-gnu --target=x86_64-linux-gnu
Thread model: posix
gcc version 9.4.0 (Ubuntu 9.4.0-1ubuntu1~20.04.1) 
configure:9303: $? = 0
configure:9292: gcc -V >&5
gcc: error: unrecognized command line option '-V'
gcc: fatal error: no input files
compilation terminated.
configure:9303: $? = 1
configure:9292: gcc -qversion >&5
gcc: error: unrecognized command line option '-qversion'; did you mean '--version'?
gcc: fatal error: no input files
compilation terminated.
configure:9303: $? = 1
configure:9307: checking whether we are using the GNU C compiler
configure:9335: result: yes
configure:9344: checking whether gcc accepts -g
configure:9405: result: yes
configure:9422: checking for gcc option to accept ISO C89
configure:9498: result: none needed
configure:9523: checking whether gcc understands -c and -o together
configure:9560: result: yes
configure:9579: checking dependency style of gcc
configure:9690: result: gcc3
configure:9706: checking whether gcc and cc understand -c and -o together
configure:9737: gcc -c conftest.c -o conftest2.o >&5
configure:9741: $? = 0
configure:9747: gcc -c conftest.c -o conftest2.o >&5
configure:9751: $? = 0
configure:9762: cc -c conftest.c >&5
configure:9766: $? = 0
configure:9774: cc -c conftest.c -o conftest2.o >&5
configure:9778: $? = 0
configure:9784: cc -c conftest.c -o conftest2.o >&5
configure:9788: $? = 0
configure:9806: result: yes
configure:9828: checking for ld used by gcc
configure:9895: result: /usr/bin/ld
configure:9902: checking if the linker (/usr/bin/ld) is GNU ld
configure:9917: result: yes
configure:9928: checking whether NLS is requested
configure:9937: result: yes
configure:9955: checking for intltool >= 0.35.0
configure:9957: result: 0.51.0 found
configure:9965: checking for intltool-update
configure:9983: found /usr/bin/intltool-update
configure:9995: result: /usr/bin/intltool-update
configure:10005: checking for intltool-merge
configure:10023: found /usr/bin/intltool-merge
configure:10035: result: /usr/bin/intltool-merge
configure:10045: checking for intltool-extract
configure:10063: found /usr/bin/intltool-extract
configure:10075: result: /usr/bin/intltool-extract
configure:10229: checking for xgettext
configure:10247: found /usr/bin/xgettext
configure:10259: result: /usr/bin/xgettext
configure:10269: checking for msgmerge
configure:10287: found /usr/bin/msgmerge
configure:10299: result: /usr/bin/msgmerge
configure:10309: checking for msgfmt
configure:10327: found /usr/bin/msgfmt
configure:10339: result: /usr/bin/msgfmt
configure:10349: checking for gmsgfmt
configure:10380: result: /usr/bin/msgfmt
configure:10400: checking for perl
configure:10418: found /usr/bin/perl
configure:10430: result: /usr/bin/perl
configure:10441: checking for perl >= 5.8.1
configure:10448: result: 5.30.0
configure:10452: checking for XML::Parser
configure:10455: result: ok
configure:10474: checking for stdlib.h
configure:10474: result: yes
configure:10474: checking for unistd.h
configure:10474: result: yes
configure:10474: checking locale.h usability
configure:10474: gcc -c -g -O2  conftest.c >&5
configure:10474: $? = 0
configure:10474: result: yes
configure:10474: checking locale.h presence
configure:10474: gcc -E  conftest.c
configure:10474: $? = 0
configure:10474: result: yes
configure:10474: checking for locale.h
configure:10474: result: yes
configure:10474: checking stdio.h usability
configure:10474: gcc -c -g -O2  conftest.c >&5
configure:10474: $? = 0
configure:10474: result: yes
configure:10474: checking stdio.h presence
configure:10474: gcc -E  conftest.c
configure:10474: $? = 0
configure:10474: result: yes
configure:10474: checking for stdio.h
configure:10474: result: yes
configure:10474: checking errno.h usability
configure:10474: gcc -c -g -O2  conftest.c >&5
configure:10474: $? = 0
configure:10474: result: yes
configure:10474: checking errno.h presence
configure:10474: gcc -E  conftest.c
configure:10474: $? = 0
configure:10474: result: yes
configure:10474: checking for errno.h
configure:10474: result: yes
configure:10474: checking time.h usability
configure:10474: gcc -c -g -O2  conftest.c >&5
configure:10474: $? = 0
configure:10474: result: yes
configure:10474: checking time.h presence
configure:10474: gcc -E  conftest.c
configure:10474: $? = 0
configure:10474: result: yes
configure:10474: checking for time.h
configure:10474: result: yes
configure:10474: checking for string.h
configure:10474: result: yes
configure:10474: checking math.h usability
configure:10474: gcc -c -g -O2  conftest.c >&5
configure:10474: $? = 0
configure:10474: result: yes
configure:10474: checking math.h presence
configure:10474: gcc -E  conftest.c
configure:10474: $? = 0
configure:10474: result: yes
configure:10474: checking for math.h
configure:10474: result: yes
configure:10474: checking for sys/types.h
configure:10474: result: yes
configure:10474: checking sys/wait.h usability
configure:10474: gcc -c -g -O2  conftest.c >&5
configure:10474: $? = 0
configure:10474: result: yes
configure:10474: checking sys/wait.h presence
configure:10474: gcc -E  conftest.c
configure:10474: $? = 0
configure:10474: result: yes
configure:10474: checking for sys/wait.h
configure:10474: result: yes
configure:10474: checking for memory.h
configure:10474: result: yes
configure:10474: checking signal.h usability
configure:10474: gcc -c -g -O2  conftest.c >&5
configure:10474: $? = 0
configure:10474: result: yes
configure:10474: checking signal.h presence
configure:10474: gcc -E  conftest.c
configure:10474: $? = 0
configure:10474: result: yes
configure:10474: checking for signal.h
configure:10474: result: yes
configure:10474: checking sys/prctl.h usability
configure:10474: gcc -c -g -O2  conftest.c >&5
configure:10474: $? = 0
configure:10474: result: yes
configure:10474: checking sys/prctl.h presence
configure:10474: gcc -E  conftest.c
configure:10474: $? = 0
configure:10474: result: yes
configure:10474: checking for sys/prctl.h
configure:10474: result: yes
configure:10474: checking libintl.h usability
configure:10474: gcc -c -g -O2  conftest.c >&5
configure:10474: $? = 0
configure:10474: result: yes
configure:10474: checking libintl.h presence
configure:10474: gcc -E  conftest.c
configure:10474: $? = 0
configure:10474: result: yes
configure:10474: checking for libintl.h
configure:10474: result: yes
configure:10486: checking for bind_textdomain_codeset
configure:10486: gcc -o conftest -g -O2   conftest.c  >&5
configure:10486: $? = 0
configure:10486: result: yes
configure:10509: checking for locale.h
configure:10509: result: yes
configure:10520: checking for LC_MESSAGES
configure:10536: gcc -o conftest -g -O2   conftest.c  >&5
configure:10536: $? = 0
configure:10544: result: yes
configure:10562: checking for CFPreferencesCopyAppValue
configure:10580: gcc -o conftest -g -O2   conftest.c  -Wl,-framework -Wl,CoreFoundation >&5
conftest.c:41:10: fatal error: CoreFoundation/CFPreferences.h: No such file or directory
   41 | #include <CoreFoundation/CFPreferences.h>
      |          ^~~~~~~~~~~~~~~~~~~~~~~~~~~~~~~~
compilation terminated.
configure:10580: $? = 1
configure: failed program was:
| /* confdefs.h */
| #define PACKAGE_NAME "xfce4-sample-plugin"
| #define PACKAGE_TARNAME "xfce4-sample-plugin"
| #define PACKAGE_VERSION "0.0.3git-018aa40"
| #define PACKAGE_STRING "xfce4-sample-plugin 0.0.3git-018aa40"
| #define PACKAGE_BUGREPORT "https://gitlab.xfce.org/panel-plugins/xfce4-sample-plugin"
| #define PACKAGE_URL ""
| #define PACKAGE "xfce4-sample-plugin"
| #define VERSION "0.0.3git-018aa40"
| #define STDC_HEADERS 1
| #define HAVE_SYS_TYPES_H 1
| #define HAVE_SYS_STAT_H 1
| #define HAVE_STDLIB_H 1
| #define HAVE_STRING_H 1
| #define HAVE_MEMORY_H 1
| #define HAVE_STRINGS_H 1
| #define HAVE_INTTYPES_H 1
| #define HAVE_STDINT_H 1
| #define HAVE_UNISTD_H 1
| #define HAVE_DLFCN_H 1
| #define LT_OBJDIR ".libs/"
| #define HAVE_STDLIB_H 1
| #define HAVE_UNISTD_H 1
| #define HAVE_LOCALE_H 1
| #define HAVE_STDIO_H 1
| #define HAVE_ERRNO_H 1
| #define HAVE_TIME_H 1
| #define HAVE_STRING_H 1
| #define HAVE_MATH_H 1
| #define HAVE_SYS_TYPES_H 1
| #define HAVE_SYS_WAIT_H 1
| #define HAVE_MEMORY_H 1
| #define HAVE_SIGNAL_H 1
| #define HAVE_SYS_PRCTL_H 1
| #define HAVE_LIBINTL_H 1
| #define HAVE_BIND_TEXTDOMAIN_CODESET 1
| #define GETTEXT_PACKAGE "xfce4-sample-plugin"
| #define HAVE_LOCALE_H 1
| #define HAVE_LC_MESSAGES 1
| /* end confdefs.h.  */
| #include <CoreFoundation/CFPreferences.h>
| int
| main ()
| {
| CFPreferencesCopyAppValue(NULL, NULL)
|   ;
|   return 0;
| }
configure:10589: result: no
configure:10596: checking for CFLocaleCopyCurrent
configure:10614: gcc -o conftest -g -O2   conftest.c  -Wl,-framework -Wl,CoreFoundation >&5
conftest.c:41:10: fatal error: CoreFoundation/CFLocale.h: No such file or directory
   41 | #include <CoreFoundation/CFLocale.h>
      |          ^~~~~~~~~~~~~~~~~~~~~~~~~~~
compilation terminated.
configure:10614: $? = 1
configure: failed program was:
| /* confdefs.h */
| #define PACKAGE_NAME "xfce4-sample-plugin"
| #define PACKAGE_TARNAME "xfce4-sample-plugin"
| #define PACKAGE_VERSION "0.0.3git-018aa40"
| #define PACKAGE_STRING "xfce4-sample-plugin 0.0.3git-018aa40"
| #define PACKAGE_BUGREPORT "https://gitlab.xfce.org/panel-plugins/xfce4-sample-plugin"
| #define PACKAGE_URL ""
| #define PACKAGE "xfce4-sample-plugin"
| #define VERSION "0.0.3git-018aa40"
| #define STDC_HEADERS 1
| #define HAVE_SYS_TYPES_H 1
| #define HAVE_SYS_STAT_H 1
| #define HAVE_STDLIB_H 1
| #define HAVE_STRING_H 1
| #define HAVE_MEMORY_H 1
| #define HAVE_STRINGS_H 1
| #define HAVE_INTTYPES_H 1
| #define HAVE_STDINT_H 1
| #define HAVE_UNISTD_H 1
| #define HAVE_DLFCN_H 1
| #define LT_OBJDIR ".libs/"
| #define HAVE_STDLIB_H 1
| #define HAVE_UNISTD_H 1
| #define HAVE_LOCALE_H 1
| #define HAVE_STDIO_H 1
| #define HAVE_ERRNO_H 1
| #define HAVE_TIME_H 1
| #define HAVE_STRING_H 1
| #define HAVE_MATH_H 1
| #define HAVE_SYS_TYPES_H 1
| #define HAVE_SYS_WAIT_H 1
| #define HAVE_MEMORY_H 1
| #define HAVE_SIGNAL_H 1
| #define HAVE_SYS_PRCTL_H 1
| #define HAVE_LIBINTL_H 1
| #define HAVE_BIND_TEXTDOMAIN_CODESET 1
| #define GETTEXT_PACKAGE "xfce4-sample-plugin"
| #define HAVE_LOCALE_H 1
| #define HAVE_LC_MESSAGES 1
| /* end confdefs.h.  */
| #include <CoreFoundation/CFLocale.h>
| int
| main ()
| {
| CFLocaleCopyCurrent();
|   ;
|   return 0;
| }
configure:10623: result: no
configure:10637: checking for libintl.h
configure:10637: result: yes
configure:10645: checking for ngettext in libc
configure:10663: gcc -o conftest -g -O2   conftest.c  >&5
configure:10663: $? = 0
configure:10672: result: yes
configure:10676: checking for dgettext in libc
configure:10694: gcc -o conftest -g -O2   conftest.c  >&5
configure:10694: $? = 0
configure:10703: result: yes
configure:10710: checking for bind_textdomain_codeset
configure:10710: result: yes
configure:10986: checking for msgfmt
configure:11013: result: /usr/bin/msgfmt
configure:11024: checking for dcgettext
configure:11024: gcc -o conftest -g -O2   conftest.c   >&5
conftest.c:66:6: warning: conflicting types for built-in function 'dcgettext'; expected 'char *(const char *, const char *, int)' [-Wbuiltin-declaration-mismatch]
   66 | char dcgettext ();
      |      ^~~~~~~~~
configure:11024: $? = 0
configure:11024: result: yes
configure:11034: checking if msgfmt accepts -c
configure:11049: $MSGFMT -c -o /dev/null conftest.foo
conftest.foo:3: warning: header field 'Language' missing in header
configure:11052: $? = 0
configure:11054: result: yes
configure:11064: checking for gmsgfmt
configure:11095: result: /usr/bin/msgfmt
configure:11105: checking for xgettext
configure:11132: result: /usr/bin/xgettext
configure:11151: gcc -o conftest -g -O2   conftest.c   >&5
configure:11151: $? = 0
configure:11233: checking for catalogs to be installed
configure:11258: result:  ar be bg ca cs da de el en_AU en_CA es et eu fi fr ga gl he hi hr hu hy_AM hye id ie is it ja ko lt ms nb nl pl pt_BR pt ru sk sl sq sr sv tr uk zh_CN zh_TW
configure:11291: checking for bind_textdomain_codeset
configure:11291: result: yes
configure:11297: checking for locales directory
configure:11313: result: ${datarootdir}/locale
configure:11317: checking for additional xgettext flags
configure:11325: result: --keyword=Q_ --from-code=UTF-8
configure:11329: checking for X
configure:11437: gcc -E  conftest.c
configure:11437: $? = 0
configure:11468: gcc -o conftest -g -O2   conftest.c -lX11  >&5
configure:11468: $? = 0
configure:11518: result: libraries , headers 
configure:11617: gcc -o conftest -g -O2   conftest.c   -lX11 >&5
configure:11617: $? = 0
configure:11715: checking for gethostbyname
configure:11715: gcc -o conftest -g -O2   conftest.c  >&5
configure:11715: $? = 0
configure:11715: result: yes
configure:11812: checking for connect
configure:11812: gcc -o conftest -g -O2   conftest.c  >&5
configure:11812: $? = 0
configure:11812: result: yes
configure:11861: checking for remove
configure:11861: gcc -o conftest -g -O2   conftest.c  >&5
configure:11861: $? = 0
configure:11861: result: yes
configure:11910: checking for shmat
configure:11910: gcc -o conftest -g -O2   conftest.c  >&5
configure:11910: $? = 0
configure:11910: result: yes
configure:11968: checking for IceConnectionNumber in -lICE
configure:11993: gcc -o conftest -g -O2   conftest.c -lICE   >&5
configure:11993: $? = 0
configure:12002: result: yes
configure:12017: checking for main in -lX11
configure:12036: gcc -o conftest -g -O2   conftest.c -lX11   -lSM -lICE    >&5
configure:12036: $? = 0
configure:12045: result: yes
configure:12145: checking for pkg-config
configure:12163: found /usr/bin/pkg-config
configure:12175: result: /usr/bin/pkg-config
configure:12200: checking pkg-config is at least version 0.9.0
configure:12203: result: yes
configure:12225: checking for libxfce4ui-2 >= 4.14.0
configure:12229: result: 4.14.1
configure:12232: checking LIBXFCE4UI_CFLAGS
configure:12235: result: -pthread -I/usr/include/xfce4/libxfce4ui-2 -I/usr/include/gtk-3.0 -I/usr/include/at-spi2-atk/2.0 -I/usr/include/at-spi-2.0 -I/usr/include/dbus-1.0 -I/usr/lib/x86_64-linux-gnu/dbus-1.0/include -I/usr/include/gtk-3.0 -I/usr/include/gio-unix-2.0 -I/usr/include/cairo -I/usr/include/pango-1.0 -I/usr/include/fribidi -I/usr/include/harfbuzz -I/usr/include/atk-1.0 -I/usr/include/cairo -I/usr/include/pixman-1 -I/usr/include/uuid -I/usr/include/freetype2 -I/usr/include/libpng16 -I/usr/include/gdk-pixbuf-2.0 -I/usr/include/libmount -I/usr/include/blkid -I/usr/include/xfce4 -I/usr/include/glib-2.0 -I/usr/lib/x86_64-linux-gnu/glib-2.0/include
configure:12238: checking LIBXFCE4UI_LIBS
configure:12241: result: -lxfce4ui-2 -lgtk-3 -lgdk-3 -lpangocairo-1.0 -lpango-1.0 -lharfbuzz -latk-1.0 -lcairo-gobject -lcairo -lgdk_pixbuf-2.0 -lgio-2.0 -lgobject-2.0 -lxfce4util -lglib-2.0
configure:12340: checking for pkg-config
configure:12370: result: /usr/bin/pkg-config
configure:12395: checking pkg-config is at least version 0.9.0
configure:12398: result: yes
configure:12420: checking for libxfce4panel-2.0 >= 4.14.0
configure:12424: result: 4.14.3
configure:12427: checking LIBXFCE4PANEL_CFLAGS
configure:12430: result: -pthread -I/usr/include/xfce4/libxfce4panel-2.0 -I/usr/include/gtk-3.0 -I/usr/include/at-spi2-atk/2.0 -I/usr/include/at-spi-2.0 -I/usr/include/dbus-1.0 -I/usr/lib/x86_64-linux-gnu/dbus-1.0/include -I/usr/include/gtk-3.0 -I/usr/include/gio-unix-2.0 -I/usr/include/cairo -I/usr/include/pango-1.0 -I/usr/include/fribidi -I/usr/include/harfbuzz -I/usr/include/atk-1.0 -I/usr/include/cairo -I/usr/include/pixman-1 -I/usr/include/uuid -I/usr/include/freetype2 -I/usr/include/libpng16 -I/usr/include/gdk-pixbuf-2.0 -I/usr/include/libmount -I/usr/include/blkid -I/usr/include/xfce4 -I/usr/include/glib-2.0 -I/usr/lib/x86_64-linux-gnu/glib-2.0/include
configure:12433: checking LIBXFCE4PANEL_LIBS
configure:12436: result: -lxfce4panel-2.0 -lgtk-3 -lgdk-3 -lpangocairo-1.0 -lpango-1.0 -lharfbuzz -latk-1.0 -lcairo-gobject -lcairo -lgdk_pixbuf-2.0 -lgio-2.0 -lgobject-2.0 -Wl,--export-dynamic -lgmodule-2.0 -pthread -lxfce4util -lglib-2.0
configure:12485: checking whether to build with debugging support
configure:12522: result: yes
configure:12528: checking if gcc supports -DXFCE_DISABLE_DEPRECATED
configure:12536: gcc -c -g -O2 -DXFCE_DISABLE_DEPRECATED  conftest.c >&5
configure:12536: $? = 0
configure:12543: result: yes
configure:12528: checking if gcc supports -Wall
configure:12536: gcc -c -g -O2 -Wall  conftest.c >&5
configure:12536: $? = 0
configure:12543: result: yes
configure:12528: checking if gcc supports -Wextra
configure:12536: gcc -c -g -O2 -Wextra  conftest.c >&5
configure:12536: $? = 0
configure:12543: result: yes
configure:12528: checking if gcc supports -Wno-missing-field-initializers
configure:12536: gcc -c -g -O2 -Wno-missing-field-initializers  conftest.c >&5
configure:12536: $? = 0
configure:12543: result: yes
configure:12528: checking if gcc supports -Wno-unused-parameter
configure:12536: gcc -c -g -O2 -Wno-unused-parameter  conftest.c >&5
configure:12536: $? = 0
configure:12543: result: yes
configure:12528: checking if gcc supports -Wold-style-definition
configure:12536: gcc -c -g -O2 -Wold-style-definition  conftest.c >&5
configure:12536: $? = 0
configure:12543: result: yes
configure:12528: checking if gcc supports -Wdeclaration-after-statement
configure:12536: gcc -c -g -O2 -Wdeclaration-after-statement  conftest.c >&5
configure:12536: $? = 0
configure:12543: result: yes
configure:12528: checking if gcc supports -Wmissing-declarations
configure:12536: gcc -c -g -O2 -Wmissing-declarations  conftest.c >&5
configure:12536: $? = 0
configure:12543: result: yes
configure:12528: checking if gcc supports -Wmissing-noreturn
configure:12536: gcc -c -g -O2 -Wmissing-noreturn  conftest.c >&5
configure:12536: $? = 0
configure:12543: result: yes
configure:12528: checking if gcc supports -Wpointer-arith
configure:12536: gcc -c -g -O2 -Wpointer-arith  conftest.c >&5
configure:12536: $? = 0
configure:12543: result: yes
configure:12528: checking if gcc supports -Wcast-align
configure:12536: gcc -c -g -O2 -Wcast-align  conftest.c >&5
configure:12536: $? = 0
configure:12543: result: yes
configure:12528: checking if gcc supports -Wformat
configure:12536: gcc -c -g -O2 -Wformat  conftest.c >&5
configure:12536: $? = 0
configure:12543: result: yes
configure:12528: checking if gcc supports -Wformat-security
configure:12536: gcc -c -g -O2 -Wformat-security  conftest.c >&5
configure:12536: $? = 0
configure:12543: result: yes
configure:12528: checking if gcc supports -Wformat-y2k
configure:12536: gcc -c -g -O2 -Wformat-y2k  conftest.c >&5
configure:12536: $? = 0
configure:12543: result: yes
configure:12528: checking if gcc supports -Winit-self
configure:12536: gcc -c -g -O2 -Winit-self  conftest.c >&5
configure:12536: $? = 0
configure:12543: result: yes
configure:12528: checking if gcc supports -Wmissing-include-dirs
configure:12536: gcc -c -g -O2 -Wmissing-include-dirs  conftest.c >&5
configure:12536: $? = 0
configure:12543: result: yes
configure:12528: checking if gcc supports -Wundef
configure:12536: gcc -c -g -O2 -Wundef  conftest.c >&5
configure:12536: $? = 0
configure:12543: result: yes
configure:12528: checking if gcc supports -Wnested-externs
configure:12536: gcc -c -g -O2 -Wnested-externs  conftest.c >&5
configure:12536: $? = 0
configure:12543: result: yes
configure:12528: checking if gcc supports -fstack-protector
configure:12536: gcc -c -g -O2 -fstack-protector  conftest.c >&5
configure:12536: $? = 0
configure:12543: result: yes
configure:12528: checking if gcc supports -Wredundant-decls
configure:12536: gcc -c -g -O2 -Wredundant-decls  conftest.c >&5
configure:12536: $? = 0
configure:12543: result: yes
configure:12528: checking if gcc supports -g
configure:12536: gcc -c -g -O2 -g  conftest.c >&5
configure:12536: $? = 0
configure:12543: result: yes
configure:12528: checking if gcc supports -Wshadow
configure:12536: gcc -c -g -O2 -Wshadow  conftest.c >&5
configure:12536: $? = 0
configure:12543: result: yes
configure:12572: checking PLATFORM_CPPFLAGS
configure:12574: result: 
configure:12577: checking PLATFORM_CFLAGS
configure:12579: result: 
configure:12582: checking PLATFORM_LDFLAGS
configure:12584: result: 
configure:12691: checking that generated files are newer than configure
configure:12697: result: done
configure:12732: creating ./config.status

## ---------------------- ##
## Running config.status. ##
## ---------------------- ##

This file was extended by xfce4-sample-plugin config.status 0.0.3git-018aa40, which was
generated by GNU Autoconf 2.69.  Invocation command line was

  CONFIG_FILES    = 
  CONFIG_HEADERS  = 
  CONFIG_LINKS    = 
  CONFIG_COMMANDS = 
  $ ./config.status 

on AAAA

config.status:1224: creating Makefile
config.status:1224: creating icons/Makefile
config.status:1224: creating icons/48x48/Makefile
config.status:1224: creating icons/scalable/Makefile
config.status:1224: creating panel-plugin/Makefile
config.status:1224: creating po/Makefile.in
config.status:1224: creating config.h
config.status:1405: config.h is unchanged
config.status:1453: executing depfiles commands
config.status:1530: cd panel-plugin       && sed -e '/# am--include-marker/d' Makefile         | make -f - am--depfiles
make: Nothing to be done for 'am--depfiles'.
config.status:1535: $? = 0
config.status:1453: executing libtool commands
config.status:1453: executing default-1 commands
config.status:1453: executing po/stamp-it commands

## ---------------- ##
## Cache variables. ##
## ---------------- ##

ac_cv_build=x86_64-pc-linux-gnu
ac_cv_c_compiler_gnu=yes
ac_cv_env_CC_set=
ac_cv_env_CC_value=
ac_cv_env_CFLAGS_set=
ac_cv_env_CFLAGS_value=
ac_cv_env_CPPFLAGS_set=
ac_cv_env_CPPFLAGS_value=
ac_cv_env_CPP_set=
ac_cv_env_CPP_value=
ac_cv_env_LDFLAGS_set=
ac_cv_env_LDFLAGS_value=
ac_cv_env_LIBS_set=
ac_cv_env_LIBS_value=
ac_cv_env_LT_SYS_LIBRARY_PATH_set=
ac_cv_env_LT_SYS_LIBRARY_PATH_value=
ac_cv_env_PKG_CONFIG_LIBDIR_set=
ac_cv_env_PKG_CONFIG_LIBDIR_value=
ac_cv_env_PKG_CONFIG_PATH_set=
ac_cv_env_PKG_CONFIG_PATH_value=
ac_cv_env_PKG_CONFIG_set=
ac_cv_env_PKG_CONFIG_value=
ac_cv_env_XMKMF_set=
ac_cv_env_XMKMF_value=
ac_cv_env_build_alias_set=
ac_cv_env_build_alias_value=
ac_cv_env_host_alias_set=
ac_cv_env_host_alias_value=
ac_cv_env_target_alias_set=
ac_cv_env_target_alias_value=
ac_cv_func_bind_textdomain_codeset=yes
ac_cv_func_connect=yes
ac_cv_func_dcgettext=yes
ac_cv_func_gethostbyname=yes
ac_cv_func_remove=yes
ac_cv_func_shmat=yes
ac_cv_have_x='have_x=yes	ac_x_includes='\'''\''	ac_x_libraries='\'''\'''
ac_cv_header_dlfcn_h=yes
ac_cv_header_errno_h=yes
ac_cv_header_inttypes_h=yes
ac_cv_header_libintl_h=yes
ac_cv_header_locale_h=yes
ac_cv_header_math_h=yes
ac_cv_header_memory_h=yes
ac_cv_header_signal_h=yes
ac_cv_header_stdc=yes
ac_cv_header_stdint_h=yes
ac_cv_header_stdio_h=yes
ac_cv_header_stdlib_h=yes
ac_cv_header_string_h=yes
ac_cv_header_strings_h=yes
ac_cv_header_sys_prctl_h=yes
ac_cv_header_sys_stat_h=yes
ac_cv_header_sys_types_h=yes
ac_cv_header_sys_wait_h=yes
ac_cv_header_time_h=yes
ac_cv_header_unistd_h=yes
ac_cv_host=x86_64-pc-linux-gnu
ac_cv_lib_ICE_IceConnectionNumber=yes
ac_cv_lib_X11_main=yes
ac_cv_objext=o
ac_cv_path_EGREP='/usr/bin/grep -E'
ac_cv_path_FGREP='/usr/bin/grep -F'
ac_cv_path_GMSGFMT=/usr/bin/msgfmt
ac_cv_path_GREP=/usr/bin/grep
ac_cv_path_INTLTOOL_EXTRACT=/usr/bin/intltool-extract
ac_cv_path_INTLTOOL_MERGE=/usr/bin/intltool-merge
ac_cv_path_INTLTOOL_PERL=/usr/bin/perl
ac_cv_path_INTLTOOL_UPDATE=/usr/bin/intltool-update
ac_cv_path_MSGFMT=/usr/bin/msgfmt
ac_cv_path_MSGMERGE=/usr/bin/msgmerge
ac_cv_path_SED=/usr/bin/sed
ac_cv_path_XGETTEXT=/usr/bin/xgettext
ac_cv_path_ac_pt_PKG_CONFIG=/usr/bin/pkg-config
ac_cv_path_install='/usr/bin/install -c'
ac_cv_path_lt_DD=/usr/bin/dd
ac_cv_path_mkdir=/usr/bin/mkdir
ac_cv_prog_AWK=mawk
ac_cv_prog_CPP='gcc -E'
ac_cv_prog_ac_ct_AR=ar
ac_cv_prog_ac_ct_CC=gcc
ac_cv_prog_ac_ct_MANIFEST_TOOL=mt
ac_cv_prog_ac_ct_OBJDUMP=objdump
ac_cv_prog_ac_ct_RANLIB=ranlib
ac_cv_prog_ac_ct_STRIP=strip
ac_cv_prog_cc_c89=
ac_cv_prog_cc_g=yes
ac_cv_prog_cc_gcc_c_o=yes
ac_cv_prog_make_make_set=yes
am_cv_CC_dependencies_compiler_type=gcc3
am_cv_make_support_nested_variables=yes
am_cv_prog_cc_c_o=yes
am_cv_prog_tar_ustar=gnutar
am_cv_val_LC_MESSAGES=yes
gt_cv_func_CFLocaleCopyCurrent=no
gt_cv_func_CFPreferencesCopyAppValue=no
gt_cv_func_dgettext_libc=yes
gt_cv_func_dgettext_libintl=no
gt_cv_func_ngettext_libc=yes
gt_cv_have_gettext=yes
lt_cv_ar_at_file=@
lt_cv_archive_cmds_need_lc=no
lt_cv_deplibs_check_method=pass_all
lt_cv_file_magic_cmd='$MAGIC_CMD'
lt_cv_file_magic_test_file=
lt_cv_ld_reload_flag=-r
lt_cv_nm_interface='BSD nm'
lt_cv_objdir=.libs
lt_cv_path_LD=/usr/bin/ld
lt_cv_path_NM='/usr/bin/nm -B'
lt_cv_path_mainfest_tool=no
lt_cv_prog_compiler_c_o=yes
lt_cv_prog_compiler_pic='-fPIC -DPIC'
lt_cv_prog_compiler_pic_works=yes
lt_cv_prog_compiler_rtti_exceptions=no
lt_cv_prog_compiler_static_works=yes
lt_cv_prog_gnu_ld=yes
lt_cv_sharedlib_from_linklib_cmd='printf %s\n'
lt_cv_shlibpath_overrides_runpath=yes
lt_cv_sys_global_symbol_pipe='sed -n -e '\''s/^.*[	 ]\([ABCDGIRSTW][ABCDGIRSTW]*\)[	 ][	 ]*\([_A-Za-z][_A-Za-z0-9]*\)$/\1 \2 \2/p'\'' | sed '\''/ __gnu_lto/d'\'''
lt_cv_sys_global_symbol_to_c_name_address='sed -n -e '\''s/^: \(.*\) .*$/  {"\1", (void *) 0},/p'\'' -e '\''s/^[ABCDGIRSTW][ABCDGIRSTW]* .* \(.*\)$/  {"\1", (void *) \&\1},/p'\'''
lt_cv_sys_global_symbol_to_c_name_address_lib_prefix='sed -n -e '\''s/^: \(.*\) .*$/  {"\1", (void *) 0},/p'\'' -e '\''s/^[ABCDGIRSTW][ABCDGIRSTW]* .* \(lib.*\)$/  {"\1", (void *) \&\1},/p'\'' -e '\''s/^[ABCDGIRSTW][ABCDGIRSTW]* .* \(.*\)$/  {"lib\1", (void *) \&\1},/p'\'''
lt_cv_sys_global_symbol_to_cdecl='sed -n -e '\''s/^T .* \(.*\)$/extern int \1();/p'\'' -e '\''s/^[ABCDGIRSTW][ABCDGIRSTW]* .* \(.*\)$/extern char \1;/p'\'''
lt_cv_sys_global_symbol_to_import=
lt_cv_sys_max_cmd_len=1572864
lt_cv_to_host_file_cmd=func_convert_file_noop
lt_cv_to_tool_file_cmd=func_convert_file_noop
lt_cv_truncate_bin='/usr/bin/dd bs=4096 count=1'
xdt_cv_PKG_CONFIG_MIN_VERSION=0.9.0
xdt_cv_additional_CFLAGS='-DXFCE_DISABLE_DEPRECATED                               -Wall -Wextra                               -Wno-missing-field-initializers                               -Wno-unused-parameter -Wold-style-definition                               -Wdeclaration-after-statement                               -Wmissing-declarations                               -Wmissing-noreturn -Wpointer-arith                               -Wcast-align -Wformat -Wformat-security -Wformat-y2k                               -Winit-self -Wmissing-include-dirs -Wundef                               -Wnested-externs -fstack-protector -Wredundant-decls -g -Wshadow'

## ----------------- ##
## Output variables. ##
## ----------------- ##

ACLOCAL='${SHELL} /home/vboxuser/Downloads/club-penguin-toolbar-plugin/missing aclocal-1.16'
ALL_LINGUAS='ar be bg ca cs da de el en_AU en_CA es et eu fi fr ga gl he hi hr hu hy_AM hye id ie is it ja ko lt ms nb nl pl pt_BR pt ru sk sl sq sr sv tr uk zh_CN zh_TW '
AMDEPBACKSLASH='\'
AMDEP_FALSE='#'
AMDEP_TRUE=''
AMTAR='$${TAR-tar}'
AM_BACKSLASH='\'
AM_DEFAULT_V='$(AM_DEFAULT_VERBOSITY)'
AM_DEFAULT_VERBOSITY='0'
AM_V='$(V)'
AR='ar'
AUTOCONF='${SHELL} /home/vboxuser/Downloads/club-penguin-toolbar-plugin/missing autoconf'
AUTOHEADER='${SHELL} /home/vboxuser/Downloads/club-penguin-toolbar-plugin/missing autoheader'
AUTOMAKE='${SHELL} /home/vboxuser/Downloads/club-penguin-toolbar-plugin/missing automake-1.16'
AWK='mawk'
CATALOGS=' ar.gmo be.gmo bg.gmo ca.gmo cs.gmo da.gmo de.gmo el.gmo en_AU.gmo en_CA.gmo es.gmo et.gmo eu.gmo fi.gmo fr.gmo ga.gmo gl.gmo he.gmo hi.gmo hr.gmo hu.gmo hy_AM.gmo hye.gmo id.gmo ie.gmo is.gmo it.gmo ja.gmo ko.gmo lt.gmo ms.gmo nb.gmo nl.gmo pl.gmo pt_BR.gmo pt.gmo ru.gmo sk.gmo sl.gmo sq.gmo sr.gmo sv.gmo tr.gmo uk.gmo zh_CN.gmo zh_TW.gmo'
CATOBJEXT='.gmo'
CC='gcc'
CCDEPMODE='depmode=gcc3'
CFLAGS='-g -O2  -DXFCE_DISABLE_DEPRECATED -Wall -Wextra -Wno-missing-field-initializers -Wno-unused-parameter -Wold-style-definition -Wdeclaration-after-statement -Wmissing-declarations -Wmissing-noreturn -Wpointer-arith -Wcast-align -Wformat -Wformat-security -Wformat-y2k -Winit-self -Wmissing-include-dirs -Wundef -Wnested-externs -fstack-protector -Wredundant-decls -g -Wshadow'
CPP='gcc -E'
CPPFLAGS=''
CYGPATH_W='echo'
DATADIRNAME='share'
DEFS='-DHAVE_CONFIG_H'
DEPDIR='.deps'
DLLTOOL='false'
DSYMUTIL=''
DUMPBIN=''
ECHO_C=''
ECHO_N='-n'
ECHO_T=''
EGREP='/usr/bin/grep -E'
EXEEXT=''
FGREP='/usr/bin/grep -F'
GETTEXT_PACKAGE='xfce4-sample-plugin'
GMOFILES=' ar.gmo be.gmo bg.gmo ca.gmo cs.gmo da.gmo de.gmo el.gmo en_AU.gmo en_CA.gmo es.gmo et.gmo eu.gmo fi.gmo fr.gmo ga.gmo gl.gmo he.gmo hi.gmo hr.gmo hu.gmo hy_AM.gmo hye.gmo id.gmo ie.gmo is.gmo it.gmo ja.gmo ko.gmo lt.gmo ms.gmo nb.gmo nl.gmo pl.gmo pt_BR.gmo pt.gmo ru.gmo sk.gmo sl.gmo sq.gmo sr.gmo sv.gmo tr.gmo uk.gmo zh_CN.gmo zh_TW.gmo'
GMSGFMT='/usr/bin/msgfmt'
GREP='/usr/bin/grep'
INSTALL_DATA='${INSTALL} -m 644'
INSTALL_PROGRAM='${INSTALL}'
INSTALL_SCRIPT='${INSTALL}'
INSTALL_STRIP_PROGRAM='$(install_sh) -c -s'
INSTOBJEXT='.mo'
INTLLIBS=''
INTLTOOL_CAVES_RULE='%.caves:     %.caves.in     $(INTLTOOL_MERGE) $(wildcard $(top_srcdir)/po/*.po) ; $(INTLTOOL_V_MERGE)LC_ALL=C $(INTLTOOL_MERGE) $(INTLTOOL_V_MERGE_OPTIONS) -d -u -c $(top_builddir)/po/.intltool-merge-cache $(top_srcdir)/po $< $@'
INTLTOOL_DESKTOP_RULE='%.desktop:   %.desktop.in   $(INTLTOOL_MERGE) $(wildcard $(top_srcdir)/po/*.po) ; $(INTLTOOL_V_MERGE)LC_ALL=C $(INTLTOOL_MERGE) $(INTLTOOL_V_MERGE_OPTIONS) -d -u -c $(top_builddir)/po/.intltool-merge-cache $(top_srcdir)/po $< $@'
INTLTOOL_DIRECTORY_RULE='%.directory: %.directory.in $(INTLTOOL_MERGE) $(wildcard $(top_srcdir)/po/*.po) ; $(INTLTOOL_V_MERGE)LC_ALL=C $(INTLTOOL_MERGE) $(INTLTOOL_V_MERGE_OPTIONS) -d -u -c $(top_builddir)/po/.intltool-merge-cache $(top_srcdir)/po $< $@'
INTLTOOL_EXTRACT='/usr/bin/intltool-extract'
INTLTOOL_KBD_RULE='%.kbd:       %.kbd.in       $(INTLTOOL_MERGE) $(wildcard $(top_srcdir)/po/*.po) ; $(INTLTOOL_V_MERGE)LC_ALL=C $(INTLTOOL_MERGE) $(INTLTOOL_V_MERGE_OPTIONS) -x -u -m -c $(top_builddir)/po/.intltool-merge-cache $(top_srcdir)/po $< $@'
INTLTOOL_KEYS_RULE='%.keys:      %.keys.in      $(INTLTOOL_MERGE) $(wildcard $(top_srcdir)/po/*.po) ; $(INTLTOOL_V_MERGE)LC_ALL=C $(INTLTOOL_MERGE) $(INTLTOOL_V_MERGE_OPTIONS) -k -u -c $(top_builddir)/po/.intltool-merge-cache $(top_srcdir)/po $< $@'
INTLTOOL_MERGE='/usr/bin/intltool-merge'
INTLTOOL_OAF_RULE='%.oaf:       %.oaf.in       $(INTLTOOL_MERGE) $(wildcard $(top_srcdir)/po/*.po) ; $(INTLTOOL_V_MERGE)LC_ALL=C $(INTLTOOL_MERGE) $(INTLTOOL_V_MERGE_OPTIONS) -o -p $(top_srcdir)/po $< $@'
INTLTOOL_PERL='/usr/bin/perl'
INTLTOOL_POLICY_RULE='%.policy:    %.policy.in    $(INTLTOOL_MERGE) $(wildcard $(top_srcdir)/po/*.po) ; $(INTLTOOL_V_MERGE)LC_ALL=C $(INTLTOOL_MERGE) $(INTLTOOL_V_MERGE_OPTIONS) -x -u -c $(top_builddir)/po/.intltool-merge-cache $(top_srcdir)/po $< $@'
INTLTOOL_PONG_RULE='%.pong:      %.pong.in      $(INTLTOOL_MERGE) $(wildcard $(top_srcdir)/po/*.po) ; $(INTLTOOL_V_MERGE)LC_ALL=C $(INTLTOOL_MERGE) $(INTLTOOL_V_MERGE_OPTIONS) -x -u -c $(top_builddir)/po/.intltool-merge-cache $(top_srcdir)/po $< $@'
INTLTOOL_PROP_RULE='%.prop:      %.prop.in      $(INTLTOOL_MERGE) $(wildcard $(top_srcdir)/po/*.po) ; $(INTLTOOL_V_MERGE)LC_ALL=C $(INTLTOOL_MERGE) $(INTLTOOL_V_MERGE_OPTIONS) -d -u -c $(top_builddir)/po/.intltool-merge-cache $(top_srcdir)/po $< $@'
INTLTOOL_SCHEMAS_RULE='%.schemas:   %.schemas.in   $(INTLTOOL_MERGE) $(wildcard $(top_srcdir)/po/*.po) ; $(INTLTOOL_V_MERGE)LC_ALL=C $(INTLTOOL_MERGE) $(INTLTOOL_V_MERGE_OPTIONS) -s -u -c $(top_builddir)/po/.intltool-merge-cache $(top_srcdir)/po $< $@'
INTLTOOL_SERVER_RULE='%.server:    %.server.in    $(INTLTOOL_MERGE) $(wildcard $(top_srcdir)/po/*.po) ; $(INTLTOOL_V_MERGE)LC_ALL=C $(INTLTOOL_MERGE) $(INTLTOOL_V_MERGE_OPTIONS) -o -u -c $(top_builddir)/po/.intltool-merge-cache $(top_srcdir)/po $< $@'
INTLTOOL_SERVICE_RULE='%.service: %.service.in   $(INTLTOOL_MERGE) $(wildcard $(top_srcdir)/po/*.po) ; $(INTLTOOL_V_MERGE)LC_ALL=C $(INTLTOOL_MERGE) $(INTLTOOL_V_MERGE_OPTIONS) -d -u -c $(top_builddir)/po/.intltool-merge-cache $(top_srcdir)/po $< $@'
INTLTOOL_SHEET_RULE='%.sheet:     %.sheet.in     $(INTLTOOL_MERGE) $(wildcard $(top_srcdir)/po/*.po) ; $(INTLTOOL_V_MERGE)LC_ALL=C $(INTLTOOL_MERGE) $(INTLTOOL_V_MERGE_OPTIONS) -x -u -c $(top_builddir)/po/.intltool-merge-cache $(top_srcdir)/po $< $@'
INTLTOOL_SOUNDLIST_RULE='%.soundlist: %.soundlist.in $(INTLTOOL_MERGE) $(wildcard $(top_srcdir)/po/*.po) ; $(INTLTOOL_V_MERGE)LC_ALL=C $(INTLTOOL_MERGE) $(INTLTOOL_V_MERGE_OPTIONS) -d -u -c $(top_builddir)/po/.intltool-merge-cache $(top_srcdir)/po $< $@'
INTLTOOL_THEME_RULE='%.theme:     %.theme.in     $(INTLTOOL_MERGE) $(wildcard $(top_srcdir)/po/*.po) ; $(INTLTOOL_V_MERGE)LC_ALL=C $(INTLTOOL_MERGE) $(INTLTOOL_V_MERGE_OPTIONS) -d -u -c $(top_builddir)/po/.intltool-merge-cache $(top_srcdir)/po $< $@'
INTLTOOL_UI_RULE='%.ui:        %.ui.in        $(INTLTOOL_MERGE) $(wildcard $(top_srcdir)/po/*.po) ; $(INTLTOOL_V_MERGE)LC_ALL=C $(INTLTOOL_MERGE) $(INTLTOOL_V_MERGE_OPTIONS) -x -u -c $(top_builddir)/po/.intltool-merge-cache $(top_srcdir)/po $< $@'
INTLTOOL_UPDATE='/usr/bin/intltool-update'
INTLTOOL_V_MERGE='$(INTLTOOL__v_MERGE_$(V))'
INTLTOOL_V_MERGE_OPTIONS='$(intltool__v_merge_options_$(V))'
INTLTOOL_XAM_RULE='%.xam:       %.xml.in       $(INTLTOOL_MERGE) $(wildcard $(top_srcdir)/po/*.po) ; $(INTLTOOL_V_MERGE)LC_ALL=C $(INTLTOOL_MERGE) $(INTLTOOL_V_MERGE_OPTIONS) -x -u -c $(top_builddir)/po/.intltool-merge-cache $(top_srcdir)/po $< $@'
INTLTOOL_XML_NOMERGE_RULE='%.xml:       %.xml.in       $(INTLTOOL_MERGE) ; $(INTLTOOL_V_MERGE)LC_ALL=C $(INTLTOOL_MERGE) $(INTLTOOL_V_MERGE_OPTIONS) -x -u --no-translations $< $@'
INTLTOOL_XML_RULE='%.xml:       %.xml.in       $(INTLTOOL_MERGE) $(wildcard $(top_srcdir)/po/*.po) ; $(INTLTOOL_V_MERGE)LC_ALL=C $(INTLTOOL_MERGE) $(INTLTOOL_V_MERGE_OPTIONS) -x -u -c $(top_builddir)/po/.intltool-merge-cache $(top_srcdir)/po $< $@'
INTLTOOL__v_MERGE_0='@echo "  ITMRG " $@;'
INTLTOOL__v_MERGE_='$(INTLTOOL__v_MERGE_$(AM_DEFAULT_VERBOSITY))'
INTL_MACOSX_LIBS=''
LD='/usr/bin/ld'
LDFLAGS=''
LIBOBJS=''
LIBS=''
LIBTOOL='$(SHELL) $(top_builddir)/libtool'
LIBX11_CFLAGS=''
LIBX11_LDFLAGS=''
LIBX11_LIBS=' -lSM -lICE -lX11'
LIBXFCE4PANEL_CFLAGS='-pthread -I/usr/include/xfce4/libxfce4panel-2.0 -I/usr/include/gtk-3.0 -I/usr/include/at-spi2-atk/2.0 -I/usr/include/at-spi-2.0 -I/usr/include/dbus-1.0 -I/usr/lib/x86_64-linux-gnu/dbus-1.0/include -I/usr/include/gtk-3.0 -I/usr/include/gio-unix-2.0 -I/usr/include/cairo -I/usr/include/pango-1.0 -I/usr/include/fribidi -I/usr/include/harfbuzz -I/usr/include/atk-1.0 -I/usr/include/cairo -I/usr/include/pixman-1 -I/usr/include/uuid -I/usr/include/freetype2 -I/usr/include/libpng16 -I/usr/include/gdk-pixbuf-2.0 -I/usr/include/libmount -I/usr/include/blkid -I/usr/include/xfce4 -I/usr/include/glib-2.0 -I/usr/lib/x86_64-linux-gnu/glib-2.0/include'
LIBXFCE4PANEL_LIBS='-lxfce4panel-2.0 -lgtk-3 -lgdk-3 -lpangocairo-1.0 -lpango-1.0 -lharfbuzz -latk-1.0 -lcairo-gobject -lcairo -lgdk_pixbuf-2.0 -lgio-2.0 -lgobject-2.0 -Wl,--export-dynamic -lgmodule-2.0 -pthread -lxfce4util -lglib-2.0'
LIBXFCE4PANEL_REQUIRED_VERSION='4.14.0'
LIBXFCE4PANEL_VERSION='4.14.3'
LIBXFCE4UI_CFLAGS='-pthread -I/usr/include/xfce4/libxfce4ui-2 -I/usr/include/gtk-3.0 -I/usr/include/at-spi2-atk/2.0 -I/usr/include/at-spi-2.0 -I/usr/include/dbus-1.0 -I/usr/lib/x86_64-linux-gnu/dbus-1.0/include -I/usr/include/gtk-3.0 -I/usr/include/gio-unix-2.0 -I/usr/include/cairo -I/usr/include/pango-1.0 -I/usr/include/fribidi -I/usr/include/harfbuzz -I/usr/include/atk-1.0 -I/usr/include/cairo -I/usr/include/pixman-1 -I/usr/include/uuid -I/usr/include/freetype2 -I/usr/include/libpng16 -I/usr/include/gdk-pixbuf-2.0 -I/usr/include/libmount -I/usr/include/blkid -I/usr/include/xfce4 -I/usr/include/glib-2.0 -I/usr/lib/x86_64-linux-gnu/glib-2.0/include'
LIBXFCE4UI_LIBS='-lxfce4ui-2 -lgtk-3 -lgdk-3 -lpangocairo-1.0 -lpango-1.0 -lharfbuzz -latk-1.0 -lcairo-gobject -lcairo -lgdk_pixbuf-2.0 -lgio-2.0 -lgobject-2.0 -lxfce4util -lglib-2.0'
LIBXFCE4UI_REQUIRED_VERSION='4.14.0'
LIBXFCE4UI_VERSION='4.14.1'
LIPO=''
LN_S='ln -s'
LTLIBOBJS=''
LT_SYS_LIBRARY_PATH=''
MAINT=''
MAINTAINER_MODE_FALSE='#'
MAINTAINER_MODE_TRUE=''
MAKEINFO='${SHELL} /home/vboxuser/Downloads/club-penguin-toolbar-plugin/missing makeinfo'
MANIFEST_TOOL=':'
MKDIR_P='/usr/bin/mkdir -p'
MKINSTALLDIRS='./mkinstalldirs'
MSGFMT='/usr/bin/msgfmt'
MSGFMT_OPTS='-c'
MSGMERGE='/usr/bin/msgmerge'
NM='/usr/bin/nm -B'
NMEDIT=''
OBJDUMP='objdump'
OBJEXT='o'
OTOOL64=''
OTOOL=''
PACKAGE='xfce4-sample-plugin'
PACKAGE_BUGREPORT='https://gitlab.xfce.org/panel-plugins/xfce4-sample-plugin'
PACKAGE_NAME='xfce4-sample-plugin'
PACKAGE_STRING='xfce4-sample-plugin 0.0.3git-018aa40'
PACKAGE_TARNAME='xfce4-sample-plugin'
PACKAGE_URL=''
PACKAGE_VERSION='0.0.3git-018aa40'
PATH_SEPARATOR=':'
PKG_CONFIG='/usr/bin/pkg-config'
PKG_CONFIG_LIBDIR=''
PKG_CONFIG_PATH=''
PLATFORM_CFLAGS=''
PLATFORM_CPPFLAGS=''
PLATFORM_LDFLAGS=''
POFILES=' ar.po be.po bg.po ca.po cs.po da.po de.po el.po en_AU.po en_CA.po es.po et.po eu.po fi.po fr.po ga.po gl.po he.po hi.po hr.po hu.po hy_AM.po hye.po id.po ie.po is.po it.po ja.po ko.po lt.po ms.po nb.po nl.po pl.po pt_BR.po pt.po ru.po sk.po sl.po sq.po sr.po sv.po tr.po uk.po zh_CN.po zh_TW.po'
POSUB='po'
PO_IN_DATADIR_FALSE=''
PO_IN_DATADIR_TRUE=''
RANLIB='ranlib'
SED='/usr/bin/sed'
SET_MAKE=''
SHELL='/bin/bash'
STRIP='strip'
USE_NLS='yes'
VERSION='0.0.3git-018aa40'
XGETTEXT='/usr/bin/xgettext'
XGETTEXT_ARGS='--keyword=Q_ --from-code=UTF-8'
XMKMF=''
X_CFLAGS=''
X_EXTRA_LIBS=''
X_LIBS=''
X_PRE_LIBS=' -lSM -lICE'
ac_ct_AR='ar'
ac_ct_CC='gcc'
ac_ct_DUMPBIN=''
am__EXEEXT_FALSE=''
am__EXEEXT_TRUE='#'
am__fastdepCC_FALSE='#'
am__fastdepCC_TRUE=''
am__include='include'
am__isrc=''
am__leading_dot='.'
am__nodep='_no'
am__quote=''
am__tar='tar --format=ustar -chf - "$$tardir"'
am__untar='tar -xf -'
bindir='${exec_prefix}/bin'
build='x86_64-pc-linux-gnu'
build_alias=''
build_cpu='x86_64'
build_os='linux-gnu'
build_vendor='pc'
datadir='${datarootdir}'
datarootdir='${prefix}/share'
docdir='${datarootdir}/doc/${PACKAGE_TARNAME}'
dvidir='${docdir}'
exec_prefix='${prefix}'
host='x86_64-pc-linux-gnu'
host_alias=''
host_cpu='x86_64'
host_os='linux-gnu'
host_vendor='pc'
htmldir='${docdir}'
includedir='${prefix}/include'
infodir='${datarootdir}/info'
install_sh='${SHELL} /home/vboxuser/Downloads/club-penguin-toolbar-plugin/install-sh'
intltool__v_merge_options_0='-q'
intltool__v_merge_options_='$(intltool__v_merge_options_$(AM_DEFAULT_VERBOSITY))'
libdir='${exec_prefix}/lib'
libexecdir='${exec_prefix}/libexec'
localedir='${datarootdir}/locale'
localstatedir='${prefix}/var'
mandir='${datarootdir}/man'
mkdir_p='$(MKDIR_P)'
oldincludedir='/usr/include'
pdfdir='${docdir}'
prefix='/usr/local'
program_transform_name='s,x,x,'
psdir='${docdir}'
runstatedir='${localstatedir}/run'
sbindir='${exec_prefix}/sbin'
sharedstatedir='${prefix}/com'
sysconfdir='${prefix}/etc'
target_alias=''

## ----------- ##
## confdefs.h. ##
## ----------- ##

/* confdefs.h */
#define PACKAGE_NAME "xfce4-sample-plugin"
#define PACKAGE_TARNAME "xfce4-sample-plugin"
#define PACKAGE_VERSION "0.0.3git-018aa40"
#define PACKAGE_STRING "xfce4-sample-plugin 0.0.3git-018aa40"
#define PACKAGE_BUGREPORT "https://gitlab.xfce.org/panel-plugins/xfce4-sample-plugin"
#define PACKAGE_URL ""
#define PACKAGE "xfce4-sample-plugin"
#define VERSION "0.0.3git-018aa40"
#define STDC_HEADERS 1
#define HAVE_SYS_TYPES_H 1
#define HAVE_SYS_STAT_H 1
#define HAVE_STDLIB_H 1
#define HAVE_STRING_H 1
#define HAVE_MEMORY_H 1
#define HAVE_STRINGS_H 1
#define HAVE_INTTYPES_H 1
#define HAVE_STDINT_H 1
#define HAVE_UNISTD_H 1
#define HAVE_DLFCN_H 1
#define LT_OBJDIR ".libs/"
#define HAVE_STDLIB_H 1
#define HAVE_UNISTD_H 1
#define HAVE_LOCALE_H 1
#define HAVE_STDIO_H 1
#define HAVE_ERRNO_H 1
#define HAVE_TIME_H 1
#define HAVE_STRING_H 1
#define HAVE_MATH_H 1
#define HAVE_SYS_TYPES_H 1
#define HAVE_SYS_WAIT_H 1
#define HAVE_MEMORY_H 1
#define HAVE_SIGNAL_H 1
#define HAVE_SYS_PRCTL_H 1
#define HAVE_LIBINTL_H 1
#define HAVE_BIND_TEXTDOMAIN_CODESET 1
#define GETTEXT_PACKAGE "xfce4-sample-plugin"
#define HAVE_LOCALE_H 1
#define HAVE_LC_MESSAGES 1
#define HAVE_BIND_TEXTDOMAIN_CODESET 1
#define HAVE_GETTEXT 1
#define HAVE_DCGETTEXT 1
#define ENABLE_NLS 1
#define HAVE_LIBX11 1
#define DEBUG 1

configure: exit 0

## ---------------------- ##
## Running config.status. ##
## ---------------------- ##

This file was extended by xfce4-sample-plugin config.status 0.0.3git-018aa40, which was
generated by GNU Autoconf 2.69.  Invocation command line was

  CONFIG_FILES    = 
  CONFIG_HEADERS  = 
  CONFIG_LINKS    = 
  CONFIG_COMMANDS = 
  $ ./config.status config.h

on AAAA

config.status:1224: creating config.h
config.status:1405: config.h is unchanged
